FUNCTION INPUT PARAMETERS
-----------------------------
ebf_file , example.ebf
output_root , example
bin_edges_number , 3
BH_kick_speed_mean , 100 , (km/s)
NS_kick_speed_mean , 350 , (km/s)
iso_dir , /Users/nolansmyth/Code/galaxia/GalaxiaData/Isochrones/
seed , None

VERSION INFORMATION
-----------------------------
2023-01-19 19:53:06.765343 : creation date
eae288afd38395986c5749fdbbe9c136fb6e2b5d : PopStar commit
5b8dbf8bd11e3b641d40af39f6fdc13b98f9b32e : PopSyCLE commit

OTHER INFORMATION
-----------------------------
4184.243360042572 : total runtime (s)
665588 : total stars from Galaxia
51457 : total compact objects made
717045 : total things binned

FILES CREATED
-----------------------------
example.h5 : HDF5 file
example_label.fits : label file
