FUNCTION INPUT PARAMETERS
-----------------------------
hdf5_file , example_ffp_copy.h5
output_root2 , example_ffp
radius_cut , 2.0 , (arcsec)
obs_time , 18 , (days)
n_obs , 6
theta_frac , 2 , (thetaE)
blend_rad , 0.09 , (arcsec)
n_proc , 7

VERSION INFORMATION
-----------------------------
2023-02-21 05:11:37.152845 : creation date
9cfa498c609581e4b6c96dc7bc75dc7a8483a2f1 : PopSyCLE commit

OTHER INFORMATION
-----------------------------
21.85239815711975 : total runtime (s)
16 : total number of events

FILES CREATED
-----------------------------
example_ffp_events.fits : events file
example_ffp_blends.fits : blends file
