FUNCTION INPUT PARAMETERS
-----------------------------
hdf5_file , ffp.h5
ebf_file , ffp.ebf
fdm , 1.0
pbh_mass , 30 , (Msun)
r_max , 16.6 , (kpc)
r_s , 18.6 , (kpc)
gamma , 1.0
v_esc , 550 , (km/s)
rho_0 , 0.0093 , (Msun / pc^3)
diagnostic_plots , False
new_output_root , example_ffp
seed , None

VERSION INFORMATION
-----------------------------
2023-02-14 18:34:54.723055 : creation date
0af03f519c01596525c752d4e15198e1393f6743 : PopSyCLE commit

OTHER INFORMATION
-----------------------------
21.157493114471436 : total runtime (s)
754840 : original objects
1535 : PBHs in the field
756375 : new total objects

FILES CREATED
-----------------------------
example_ffp.h5 : HDF5 file
