FUNCTION INPUT PARAMETERS
-----------------------------
hdf5_file , example_pbh.h5
output_root2 , example_pbh
radius_cut , 2.0 , (arcsec)
obs_time , 1825 , (days)
n_obs , 608
theta_frac , 2 , (thetaE)
blend_rad , 0.09 , (arcsec)
n_proc , 1

VERSION INFORMATION
-----------------------------
2023-01-24 10:20:27.942156 : creation date
832d9bd7a8dd368b25ae4b11fc1234564ffa8d6f : PopSyCLE commit

OTHER INFORMATION
-----------------------------
1558.9410569667816 : total runtime (s)
416 : total number of events

FILES CREATED
-----------------------------
example_pbh_events.fits : events file
example_pbh_blends.fits : blends file
