FUNCTION INPUT PARAMETERS
-----------------------------
hdf5_file , example.h5
ebf_file , example.ebf
fdm , 1.0
pbh_mass , 30 , (Msun)
r_max , 16.6 , (kpc)
r_s , 18.6 , (kpc)
gamma , 1.0
v_esc , 550 , (km/s)
rho_0 , 0.0093 , (Msun / pc^3)
diagnostic_plots , False
new_output_root , example_pbh
seed , None

VERSION INFORMATION
-----------------------------
2023-02-09 07:27:31.586823 : creation date
7484383498688b507bb4a833937fab388e9cf41a : PopSyCLE commit

OTHER INFORMATION
-----------------------------
53.36391615867615 : total runtime (s)
75440179 : original objects
150622 : PBHs in the field
75590801 : new total objects

FILES CREATED
-----------------------------
example_pbh.h5 : HDF5 file
